{"/home/willow/Documents/projects/utils/is/src/index.js": {"path":"/home/willow/Documents/projects/utils/is/src/index.js","statementMap":{"0":{"start":{"line":1,"column":18},"end":{"line":6,"column":1}},"1":{"start":{"line":1,"column":32},"end":{"line":6,"column":1}},"2":{"start":{"line":2,"column":20},"end":{"line":2,"column":39}},"3":{"start":{"line":3,"column":19},"end":{"line":3,"column":37}},"4":{"start":{"line":5,"column":1},"end":{"line":5,"column":77}},"5":{"start":{"line":5,"column":31},"end":{"line":5,"column":75}},"6":{"start":{"line":5,"column":55},"end":{"line":5,"column":74}}},"fnMap":{"0":{"name":"(anonymous_0)","decl":{"start":{"line":1,"column":18},"end":{"line":1,"column":19}},"loc":{"start":{"line":1,"column":32},"end":{"line":6,"column":1}},"line":1},"1":{"name":"(anonymous_1)","decl":{"start":{"line":1,"column":32},"end":{"line":1,"column":33}},"loc":{"start":{"line":1,"column":45},"end":{"line":6,"column":1}},"line":1},"2":{"name":"(anonymous_2)","decl":{"start":{"line":5,"column":24},"end":{"line":5,"column":25}},"loc":{"start":{"line":5,"column":31},"end":{"line":5,"column":75}},"line":5},"3":{"name":"(anonymous_3)","decl":{"start":{"line":5,"column":47},"end":{"line":5,"column":48}},"loc":{"start":{"line":5,"column":55},"end":{"line":5,"column":74}},"line":5}},"branchMap":{},"s":{"0":1,"1":4,"2":8,"3":8,"4":8,"5":8,"6":12},"f":{"0":4,"1":8,"2":8,"3":12},"b":{},"inputSourceMap":null,"_coverageSchema":"1a1c01bbd47fc00a2c39e90264f33305004495a9","hash":"5a0cddd81b7b579b22875d8cebab7cdecaab1682"}
}
